c:\users\owner\desktop\dqvn\dqv_dll_2\dqv_dll_2\x64\release\dqv_dll_2.pch
c:\users\owner\desktop\dqvn\dqv_dll_2\dqv_dll_2\x64\release\vc142.pdb
c:\users\owner\desktop\dqvn\dqv_dll_2\dqv_dll_2\x64\release\pch.obj
c:\users\owner\desktop\dqvn\dqv_dll_2\dqv_dll_2\x64\release\dllmain.obj
c:\users\owner\desktop\dqvn\dqv_dll_2.lib
c:\users\owner\desktop\dqvn\dqv_dll_2.exp
c:\users\owner\desktop\dqvn\dqv_dll_2.ipdb
c:\users\owner\desktop\dqvn\dqv_dll_2.iobj
c:\users\owner\desktop\dqvn\dqv_dll_2\dqv_dll_2.lib
c:\users\owner\desktop\dqvn\dqv_dll_2\dqv_dll_2.exp
c:\users\owner\desktop\dqvn\dqv_dll_2\dqv_dll_2.ipdb
c:\users\owner\desktop\dqvn\dqv_dll_2\dqv_dll_2.iobj
c:\users\owner\desktop\dqvn\dqv_dll_2\dqv_dll_2\..\..\dqv_dll_2.dll
c:\users\owner\desktop\dqvn\dqv_dll_2\dqv_dll_2\x64\release\dqv_dll_2.tlog\cl.command.1.tlog
c:\users\owner\desktop\dqvn\dqv_dll_2\dqv_dll_2\x64\release\dqv_dll_2.tlog\cl.read.1.tlog
c:\users\owner\desktop\dqvn\dqv_dll_2\dqv_dll_2\x64\release\dqv_dll_2.tlog\cl.write.1.tlog
c:\users\owner\desktop\dqvn\dqv_dll_2\dqv_dll_2\x64\release\dqv_dll_2.tlog\dqv_dll_2.write.1u.tlog
c:\users\owner\desktop\dqvn\dqv_dll_2\dqv_dll_2\x64\release\dqv_dll_2.tlog\link.command.1.tlog
c:\users\owner\desktop\dqvn\dqv_dll_2\dqv_dll_2\x64\release\dqv_dll_2.tlog\link.delete.1.tlog
c:\users\owner\desktop\dqvn\dqv_dll_2\dqv_dll_2\x64\release\dqv_dll_2.tlog\link.read.1.tlog
c:\users\owner\desktop\dqvn\dqv_dll_2\dqv_dll_2\x64\release\dqv_dll_2.tlog\link.write.1.tlog
